[0.014s] Invoking command in '/src/usb_cam/build/usb_cam': CMAKE_PREFIX_PATH=${CMAKE_PREFIX_PATH}:/opt/ros/humble /usr/bin/cmake /src/usb_cam -DCMAKE_INSTALL_PREFIX=/src/usb_cam/install/usb_cam
[0.029s] -- Found ament_cmake_auto: 1.3.9 (/opt/ros/humble/share/ament_cmake_auto/cmake)
[0.287s] -- Found rosidl_generator_c: 3.1.5 (/opt/ros/humble/share/rosidl_generator_c/cmake)
[0.288s] -- Found rosidl_adapter: 3.1.5 (/opt/ros/humble/share/rosidl_adapter/cmake)
[0.294s] -- Found rosidl_generator_cpp: 3.1.5 (/opt/ros/humble/share/rosidl_generator_cpp/cmake)
[0.306s] -- Using all available rosidl_typesupport_c: rosidl_typesupport_fastrtps_c;rosidl_typesupport_introspection_c
[0.327s] -- Using all available rosidl_typesupport_cpp: rosidl_typesupport_fastrtps_cpp;rosidl_typesupport_introspection_cpp
[0.379s] -- Found rmw_implementation_cmake: 6.1.2 (/opt/ros/humble/share/rmw_implementation_cmake/cmake)
[0.380s] -- Found rmw_cyclonedds_cpp: 1.3.4 (/opt/ros/humble/share/rmw_cyclonedds_cpp/cmake)
[0.415s] -- Using RMW implementation 'rmw_cyclonedds_cpp' as default
[0.923s] -- Found OpenCV: /usr (found version "4.5.4") 
[0.931s] -- Found PkgConfig: /usr/bin/pkg-config (found version "0.29.2") 
[0.931s] -- Checking for module 'libavcodec'
[0.946s] --   Found libavcodec, version 58.134.100
[0.982s] -- Checking for module 'libavutil'
[1.001s] --   Found libavutil, version 56.70.100
[1.037s] -- Checking for module 'libswscale'
[1.052s] --   Found libswscale, version 5.9.100
[1.095s] -- Found ament_lint_auto: 0.12.11 (/opt/ros/humble/share/ament_lint_auto/cmake)
[1.133s] -- Found gtest sources under '/opt/ros/humble/src/gtest_vendor': C++ tests using 'Google Test' will be built
[1.150s] -- Added test 'copyright' to check source files copyright and LICENSE
[1.160s] -- Added test 'cppcheck' to perform static code analysis on C / C++ code
[1.160s] -- Configured cppcheck include dirs: /src/usb_cam/include
[1.160s] -- Configured cppcheck exclude dirs and/or files: 
[1.167s] -- Added test 'cpplint' to check C / C++ code against the Google style
[1.167s] -- Configured cpplint exclude dirs and/or files: 
[1.168s] -- Added test 'flake8' to check Python code syntax and style conventions
[1.170s] -- Added test 'lint_cmake' to check CMake code style
[1.171s] -- Added test 'pep257' to check Python code against some of the docstring style conventions in PEP 257
[1.176s] -- Added test 'uncrustify' to check C / C++ code style
[1.176s] -- Configured uncrustify additional arguments: 
[1.177s] -- Added test 'xmllint' to check XML markup files
[1.181s] -- Configuring done
[1.216s] -- Generating done
[1.218s] -- Build files have been written to: /src/usb_cam/build/usb_cam
[1.232s] Invoked command in '/src/usb_cam/build/usb_cam' returned '0': CMAKE_PREFIX_PATH=${CMAKE_PREFIX_PATH}:/opt/ros/humble /usr/bin/cmake /src/usb_cam -DCMAKE_INSTALL_PREFIX=/src/usb_cam/install/usb_cam
[1.235s] Invoking command in '/src/usb_cam/build/usb_cam': CMAKE_PREFIX_PATH=${CMAKE_PREFIX_PATH}:/opt/ros/humble /usr/bin/cmake --build /src/usb_cam/build/usb_cam -- -j24 -l24
[1.300s] [ 21%] [32mBuilding CXX object gtest/CMakeFiles/gtest.dir/src/gtest-all.cc.o[0m
[1.300s] [ 21%] [32mBuilding CXX object gtest/CMakeFiles/gtest_main.dir/src/gtest_main.cc.o[0m
[1.301s] [ 21%] [32mBuilding CXX object CMakeFiles/usb_cam_node_exe.dir/rclcpp_components/node_main_usb_cam_node_exe.cpp.o[0m
[1.301s] [ 28%] [32mBuilding CXX object CMakeFiles/usb_cam.dir/src/usb_cam.cpp.o[0m
[3.886s] [ 35%] [32m[1mLinking CXX static library libgtest_main.a[0m
[9.170s] [ 42%] [32m[1mLinking CXX shared library libusb_cam.so[0m
[9.233s] [ 42%] Built target gtest_main
[9.587s] [ 42%] Built target usb_cam
[9.612s] [ 50%] [32mBuilding CXX object CMakeFiles/usb_cam_node.dir/src/usb_cam_node.cpp.o[0m
[9.733s] In file included from [01m[K/src/usb_cam/src/usb_cam_node.cpp:34[m[K:
[9.733s] [01m[K/src/usb_cam/include/usb_cam/usb_cam_node.hpp:38:10:[m[K [01;31m[Kfatal error: [m[Kcamera_info_manager/camera_info_manager.hpp: No such file or directory
[9.733s]    38 | #include [01;31m[K"camera_info_manager/camera_info_manager.hpp"[m[K
[9.733s]       |          [01;31m[K^~~~~~~~~~~~~~~~~~~~~~~~~~~~~~~~~~~~~~~~~~~~~[m[K
[9.733s] compilation terminated.
[9.734s] gmake[2]: *** [CMakeFiles/usb_cam_node.dir/build.make:76: CMakeFiles/usb_cam_node.dir/src/usb_cam_node.cpp.o] Error 1
[9.734s] gmake[1]: *** [CMakeFiles/Makefile2:189: CMakeFiles/usb_cam_node.dir/all] Error 2
[9.734s] gmake[1]: *** Waiting for unfinished jobs....
[10.232s] [ 57%] [32m[1mLinking CXX static library libgtest.a[0m
[10.338s] [ 57%] Built target gtest
[11.298s] [ 64%] [32m[1mLinking CXX executable usb_cam_node_exe[0m
[11.681s] [ 64%] Built target usb_cam_node_exe
[11.682s] gmake: *** [Makefile:146: all] Error 2
[11.684s] Invoked command in '/src/usb_cam/build/usb_cam' returned '2': CMAKE_PREFIX_PATH=${CMAKE_PREFIX_PATH}:/opt/ros/humble /usr/bin/cmake --build /src/usb_cam/build/usb_cam -- -j24 -l24
