[0.009s] Invoking command in '/src/usb_cam/build/usb_cam': CMAKE_PREFIX_PATH=${CMAKE_PREFIX_PATH}:/opt/ros/humble /usr/bin/cmake /src/usb_cam -DCMAKE_INSTALL_PREFIX=/src/usb_cam/install/usb_cam
[0.071s] -- The C compiler identification is GNU 11.4.0
[0.133s] -- The CXX compiler identification is GNU 11.4.0
[0.142s] -- Detecting C compiler ABI info
[0.212s] -- Detecting C compiler ABI info - done
[0.218s] -- Check for working C compiler: /usr/bin/cc - skipped
[0.218s] -- Detecting C compile features
[0.219s] -- Detecting C compile features - done
[0.221s] -- Detecting CXX compiler ABI info
[0.321s] -- Detecting CXX compiler ABI info - done
[0.328s] -- Check for working CXX compiler: /usr/bin/c++ - skipped
[0.328s] -- Detecting CXX compile features
[0.328s] -- Detecting CXX compile features - done
[0.330s] -- Found ament_cmake_auto: 1.3.9 (/opt/ros/humble/share/ament_cmake_auto/cmake)
[0.759s] -- Found Python3: /usr/bin/python3 (found version "3.10.12") found components: Interpreter 
[0.984s] -- Found rosidl_generator_c: 3.1.5 (/opt/ros/humble/share/rosidl_generator_c/cmake)
[0.988s] -- Found rosidl_adapter: 3.1.5 (/opt/ros/humble/share/rosidl_adapter/cmake)
[0.994s] -- Found rosidl_generator_cpp: 3.1.5 (/opt/ros/humble/share/rosidl_generator_cpp/cmake)
[1.007s] -- Using all available rosidl_typesupport_c: rosidl_typesupport_fastrtps_c;rosidl_typesupport_introspection_c
[1.024s] -- Using all available rosidl_typesupport_cpp: rosidl_typesupport_fastrtps_cpp;rosidl_typesupport_introspection_cpp
[1.094s] -- Found rmw_implementation_cmake: 6.1.2 (/opt/ros/humble/share/rmw_implementation_cmake/cmake)
[1.096s] -- Found rmw_cyclonedds_cpp: 1.3.4 (/opt/ros/humble/share/rmw_cyclonedds_cpp/cmake)
[1.131s] -- Using RMW implementation 'rmw_cyclonedds_cpp' as default
[1.143s] -- Looking for pthread.h
[1.221s] -- Looking for pthread.h - found
[1.222s] -- Performing Test CMAKE_HAVE_LIBC_PTHREAD
[1.306s] -- Performing Test CMAKE_HAVE_LIBC_PTHREAD - Success
[1.307s] -- Found Threads: TRUE  
[1.748s] -- Found message_filters: 4.3.4 (/opt/ros/humble/share/message_filters/cmake)
[1.763s] -- Found pluginlib: 5.1.0 (/opt/ros/humble/share/pluginlib/cmake)
[3.218s] -- Found OpenCV: /usr (found version "4.5.4") 
[3.224s] -- Found PkgConfig: /usr/bin/pkg-config (found version "0.29.2") 
[3.225s] -- Checking for module 'libavcodec'
[3.243s] --   Found libavcodec, version 58.134.100
[3.279s] -- Checking for module 'libavutil'
[3.293s] --   Found libavutil, version 56.70.100
[3.325s] -- Checking for module 'libswscale'
[3.336s] --   Found libswscale, version 5.9.100
[3.934s] -- Found ament_lint_auto: 0.12.11 (/opt/ros/humble/share/ament_lint_auto/cmake)
[3.958s] -- Found gtest sources under '/opt/ros/humble/src/gtest_vendor': C++ tests using 'Google Test' will be built
[3.973s] -- Added test 'copyright' to check source files copyright and LICENSE
[3.981s] -- Added test 'cppcheck' to perform static code analysis on C / C++ code
[3.982s] -- Configured cppcheck include dirs: /src/usb_cam/include
[3.982s] -- Configured cppcheck exclude dirs and/or files: 
[3.988s] -- Added test 'cpplint' to check C / C++ code against the Google style
[3.988s] -- Configured cpplint exclude dirs and/or files: 
[3.990s] -- Added test 'flake8' to check Python code syntax and style conventions
[3.992s] -- Added test 'lint_cmake' to check CMake code style
[3.994s] -- Added test 'pep257' to check Python code against some of the docstring style conventions in PEP 257
[4.001s] -- Added test 'uncrustify' to check C / C++ code style
[4.001s] -- Configured uncrustify additional arguments: 
[4.002s] -- Added test 'xmllint' to check XML markup files
[4.004s] -- Configuring done
[4.051s] -- Generating done
[4.053s] -- Build files have been written to: /src/usb_cam/build/usb_cam
[4.074s] Invoked command in '/src/usb_cam/build/usb_cam' returned '0': CMAKE_PREFIX_PATH=${CMAKE_PREFIX_PATH}:/opt/ros/humble /usr/bin/cmake /src/usb_cam -DCMAKE_INSTALL_PREFIX=/src/usb_cam/install/usb_cam
[4.078s] Invoking command in '/src/usb_cam/build/usb_cam': CMAKE_PREFIX_PATH=${CMAKE_PREFIX_PATH}:/opt/ros/humble /usr/bin/cmake --build /src/usb_cam/build/usb_cam -- -j24 -l24
[4.139s] [ 14%] [32mBuilding CXX object gtest/CMakeFiles/gtest.dir/src/gtest-all.cc.o[0m
[4.140s] [ 14%] [32mBuilding CXX object CMakeFiles/usb_cam_node_exe.dir/rclcpp_components/node_main_usb_cam_node_exe.cpp.o[0m
[4.140s] [ 21%] [32mBuilding CXX object CMakeFiles/usb_cam.dir/src/usb_cam.cpp.o[0m
[4.140s] [ 28%] [32mBuilding CXX object gtest/CMakeFiles/gtest_main.dir/src/gtest_main.cc.o[0m
[5.633s] [ 35%] [32m[1mLinking CXX static library libgtest_main.a[0m
[5.751s] [ 35%] Built target gtest_main
[12.367s] [ 42%] [32m[1mLinking CXX shared library libusb_cam.so[0m
[12.724s] [ 42%] Built target usb_cam
[12.763s] [ 50%] [32mBuilding CXX object CMakeFiles/usb_cam_node.dir/src/usb_cam_node.cpp.o[0m
[13.032s] In file included from [01m[K/src/usb_cam/src/usb_cam_node.cpp:34[m[K:
[13.033s] [01m[K/src/usb_cam/include/usb_cam/usb_cam_node.hpp:39:10:[m[K [01;31m[Kfatal error: [m[Kimage_transport/image_transport.hpp: No such file or directory
[13.033s]    39 | #include [01;31m[K"image_transport/image_transport.hpp"[m[K
[13.033s]       |          [01;31m[K^~~~~~~~~~~~~~~~~~~~~~~~~~~~~~~~~~~~~[m[K
[13.033s] compilation terminated.
[13.041s] gmake[2]: *** [CMakeFiles/usb_cam_node.dir/build.make:76: CMakeFiles/usb_cam_node.dir/src/usb_cam_node.cpp.o] Error 1
[13.042s] gmake[1]: *** [CMakeFiles/Makefile2:270: CMakeFiles/usb_cam_node.dir/all] Error 2
[13.042s] gmake[1]: *** Waiting for unfinished jobs....
[14.066s] [ 57%] [32m[1mLinking CXX static library libgtest.a[0m
[14.284s] [ 57%] Built target gtest
[15.159s] [ 64%] [32m[1mLinking CXX executable usb_cam_node_exe[0m
[15.540s] [ 64%] Built target usb_cam_node_exe
[15.542s] gmake: *** [Makefile:146: all] Error 2
[15.545s] Invoked command in '/src/usb_cam/build/usb_cam' returned '2': CMAKE_PREFIX_PATH=${CMAKE_PREFIX_PATH}:/opt/ros/humble /usr/bin/cmake --build /src/usb_cam/build/usb_cam -- -j24 -l24
