[0.012s] Invoking command in '/src/usb_cam/build/usb_cam': CMAKE_PREFIX_PATH=${CMAKE_PREFIX_PATH}:/opt/ros/humble /usr/bin/cmake --build /src/usb_cam/build/usb_cam -- -j24 -l24
[0.064s] [35m[1mConsolidate compiler generated dependencies of target gtest_main[0m
[0.064s] [35m[1mConsolidate compiler generated dependencies of target usb_cam[0m
[0.064s] [35m[1mConsolidate compiler generated dependencies of target gtest[0m
[0.064s] [35m[1mConsolidate compiler generated dependencies of target usb_cam_node_exe[0m
[0.080s] [ 14%] Built target gtest_main
[0.082s] [ 28%] Built target gtest
[0.083s] [ 42%] Built target usb_cam_node_exe
[0.085s] [ 57%] Built target usb_cam
[0.115s] [ 78%] [32mBuilding CXX object CMakeFiles/test_pixel_formats.dir/test/test_pixel_formats.cpp.o[0m
[0.116s] [ 78%] [32mBuilding CXX object CMakeFiles/usb_cam_node.dir/src/usb_cam_node.cpp.o[0m
[0.116s] [ 78%] [32mBuilding CXX object CMakeFiles/test_usb_cam_utils.dir/test/test_usb_cam_utils.cpp.o[0m
[0.400s] In file included from [01m[K/src/usb_cam/src/usb_cam_node.cpp:34[m[K:
[0.401s] [01m[K/src/usb_cam/include/usb_cam/usb_cam_node.hpp:39:10:[m[K [01;31m[Kfatal error: [m[Kimage_transport/image_transport.hpp: No such file or directory
[0.401s]    39 | #include [01;31m[K"image_transport/image_transport.hpp"[m[K
[0.401s]       |          [01;31m[K^~~~~~~~~~~~~~~~~~~~~~~~~~~~~~~~~~~~~[m[K
[0.401s] compilation terminated.
[0.404s] gmake[2]: *** [CMakeFiles/usb_cam_node.dir/build.make:76: CMakeFiles/usb_cam_node.dir/src/usb_cam_node.cpp.o] Error 1
[0.404s] gmake[1]: *** [CMakeFiles/Makefile2:270: CMakeFiles/usb_cam_node.dir/all] Error 2
[0.404s] gmake[1]: *** Waiting for unfinished jobs....
[1.693s] [ 85%] [32m[1mLinking CXX executable test_usb_cam_utils[0m
[2.057s] [ 85%] Built target test_usb_cam_utils
[2.126s] [ 92%] [32m[1mLinking CXX executable test_pixel_formats[0m
[2.400s] [ 92%] Built target test_pixel_formats
[2.402s] gmake: *** [Makefile:146: all] Error 2
[2.406s] Invoked command in '/src/usb_cam/build/usb_cam' returned '2': CMAKE_PREFIX_PATH=${CMAKE_PREFIX_PATH}:/opt/ros/humble /usr/bin/cmake --build /src/usb_cam/build/usb_cam -- -j24 -l24
