[0.016s] Invoking command in '/src/usb_cam/build/usb_cam': CMAKE_PREFIX_PATH=${CMAKE_PREFIX_PATH}:/opt/ros/humble /usr/bin/cmake --build /src/usb_cam/build/usb_cam -- -j24 -l24
[0.067s] [35m[1mConsolidate compiler generated dependencies of target gtest_main[0m
[0.067s] [35m[1mConsolidate compiler generated dependencies of target gtest[0m
[0.067s] [35m[1mConsolidate compiler generated dependencies of target usb_cam[0m
[0.067s] [35m[1mConsolidate compiler generated dependencies of target usb_cam_node_exe[0m
[0.084s] [ 28%] Built target gtest_main
[0.084s] [ 28%] Built target gtest
[0.084s] [ 42%] Built target usb_cam
[0.090s] [ 57%] Built target usb_cam_node_exe
[0.108s] [ 71%] [32mBuilding CXX object CMakeFiles/test_pixel_formats.dir/test/test_pixel_formats.cpp.o[0m
[0.108s] [ 71%] [32mBuilding CXX object CMakeFiles/usb_cam_node.dir/src/usb_cam_node.cpp.o[0m
[0.108s] [ 78%] [32mBuilding CXX object CMakeFiles/test_usb_cam_utils.dir/test/test_usb_cam_utils.cpp.o[0m
[0.230s] In file included from [01m[K/src/usb_cam/src/usb_cam_node.cpp:34[m[K:
[0.230s] [01m[K/src/usb_cam/include/usb_cam/usb_cam_node.hpp:38:10:[m[K [01;31m[Kfatal error: [m[Kcamera_info_manager/camera_info_manager.hpp: No such file or directory
[0.230s]    38 | #include [01;31m[K"camera_info_manager/camera_info_manager.hpp"[m[K
[0.230s]       |          [01;31m[K^~~~~~~~~~~~~~~~~~~~~~~~~~~~~~~~~~~~~~~~~~~~~[m[K
[0.230s] compilation terminated.
[0.232s] gmake[2]: *** [CMakeFiles/usb_cam_node.dir/build.make:76: CMakeFiles/usb_cam_node.dir/src/usb_cam_node.cpp.o] Error 1
[0.232s] gmake[1]: *** [CMakeFiles/Makefile2:189: CMakeFiles/usb_cam_node.dir/all] Error 2
[0.232s] gmake[1]: *** Waiting for unfinished jobs....
[1.803s] [ 85%] [32m[1mLinking CXX executable test_usb_cam_utils[0m
[2.266s] [ 85%] Built target test_usb_cam_utils
[2.325s] [ 92%] [32m[1mLinking CXX executable test_pixel_formats[0m
[2.603s] [ 92%] Built target test_pixel_formats
[2.605s] gmake: *** [Makefile:146: all] Error 2
[2.607s] Invoked command in '/src/usb_cam/build/usb_cam' returned '2': CMAKE_PREFIX_PATH=${CMAKE_PREFIX_PATH}:/opt/ros/humble /usr/bin/cmake --build /src/usb_cam/build/usb_cam -- -j24 -l24
