[0.020s] Invoking command in '/src/usb_cam/build/usb_cam': CMAKE_PREFIX_PATH=${CMAKE_PREFIX_PATH}:/opt/ros/humble /usr/bin/cmake --build /src/usb_cam/build/usb_cam -- -j24 -l24
[0.085s] [ 14%] Built target gtest
[0.086s] [ 28%] Built target gtest_main
[0.086s] [ 57%] Built target usb_cam
[0.086s] [ 57%] Built target usb_cam_node_exe
[0.097s] [35m[1mConsolidate compiler generated dependencies of target test_usb_cam_utils[0m
[0.098s] [35m[1mConsolidate compiler generated dependencies of target test_pixel_formats[0m
[0.109s] [ 64%] [32mBuilding CXX object CMakeFiles/usb_cam_node.dir/src/usb_cam_node.cpp.o[0m
[0.110s] [ 78%] Built target test_usb_cam_utils
[0.111s] [ 92%] Built target test_pixel_formats
[0.214s] In file included from [01m[K/src/usb_cam/src/usb_cam_node.cpp:34[m[K:
[0.214s] [01m[K/src/usb_cam/include/usb_cam/usb_cam_node.hpp:38:10:[m[K [01;31m[Kfatal error: [m[Kcamera_info_manager/camera_info_manager.hpp: No such file or directory
[0.214s]    38 | #include [01;31m[K"camera_info_manager/camera_info_manager.hpp"[m[K
[0.215s]       |          [01;31m[K^~~~~~~~~~~~~~~~~~~~~~~~~~~~~~~~~~~~~~~~~~~~~[m[K
[0.215s] compilation terminated.
[0.216s] gmake[2]: *** [CMakeFiles/usb_cam_node.dir/build.make:76: CMakeFiles/usb_cam_node.dir/src/usb_cam_node.cpp.o] Error 1
[0.216s] gmake[1]: *** [CMakeFiles/Makefile2:189: CMakeFiles/usb_cam_node.dir/all] Error 2
[0.217s] gmake: *** [Makefile:146: all] Error 2
[0.220s] Invoked command in '/src/usb_cam/build/usb_cam' returned '2': CMAKE_PREFIX_PATH=${CMAKE_PREFIX_PATH}:/opt/ros/humble /usr/bin/cmake --build /src/usb_cam/build/usb_cam -- -j24 -l24
